<?xml version="1.0" encoding="UTF-8"?>
<coverage generated="1688920197848" clover="3.2.0">
  <project timestamp="1688920197848" name="All files">
    <metrics statements="26" coveredstatements="22" conditionals="8" coveredconditionals="6" methods="11" coveredmethods="9" elements="45" coveredelements="37" complexity="0" loc="26" ncloc="26" packages="2" files="7" classes="7"/>
    <package name="services">
      <metrics statements="12" coveredstatements="8" conditionals="2" coveredconditionals="0" methods="5" coveredmethods="3"/>
      <file name="InputService.js" path="/home/user/work/node-practice/practice/client-and-server/testing/unit/src/services/InputService.js">
        <metrics statements="3" coveredstatements="3" conditionals="0" coveredconditionals="0" methods="2" coveredmethods="1"/>
        <line num="1" count="1" type="stmt"/>
        <line num="5" count="1" type="stmt"/>
        <line num="9" count="1" type="stmt"/>
      </file>
      <file name="TacticalForecastInput.js" path="/home/user/work/node-practice/practice/client-and-server/testing/unit/src/services/TacticalForecastInput.js">
        <metrics statements="5" coveredstatements="1" conditionals="2" coveredconditionals="0" methods="1" coveredmethods="0"/>
        <line num="3" count="0" type="stmt"/>
        <line num="4" count="0" type="cond" truecount="0" falsecount="2"/>
        <line num="5" count="0" type="stmt"/>
        <line num="9" count="0" type="stmt"/>
        <line num="13" count="1" type="stmt"/>
      </file>
      <file name="UserService.js" path="/home/user/work/node-practice/practice/client-and-server/testing/unit/src/services/UserService.js">
        <metrics statements="4" coveredstatements="4" conditionals="0" coveredconditionals="0" methods="2" coveredmethods="2"/>
        <line num="1" count="1" type="stmt"/>
        <line num="5" count="1" type="stmt"/>
        <line num="7" count="1" type="stmt"/>
        <line num="11" count="1" type="stmt"/>
      </file>
    </package>
    <package name="utils">
      <metrics statements="14" coveredstatements="14" conditionals="6" coveredconditionals="6" methods="6" coveredmethods="6"/>
      <file name="delay.js" path="/home/user/work/node-practice/practice/client-and-server/testing/unit/src/utils/delay.js">
        <metrics statements="4" coveredstatements="4" conditionals="0" coveredconditionals="0" methods="3" coveredmethods="3"/>
        <line num="2" count="1" type="stmt"/>
        <line num="3" count="1" type="stmt"/>
        <line num="4" count="1" type="stmt"/>
        <line num="9" count="1" type="stmt"/>
      </file>
      <file name="mapArrayToString.js" path="/home/user/work/node-practice/practice/client-and-server/testing/unit/src/utils/mapArrayToString.js">
        <metrics statements="2" coveredstatements="2" conditionals="0" coveredconditionals="0" methods="1" coveredmethods="1"/>
        <line num="2" count="4" type="stmt"/>
        <line num="5" count="1" type="stmt"/>
      </file>
      <file name="square.js" path="/home/user/work/node-practice/practice/client-and-server/testing/unit/src/utils/square.js">
        <metrics statements="4" coveredstatements="4" conditionals="2" coveredconditionals="2" methods="1" coveredmethods="1"/>
        <line num="2" count="6" type="cond" truecount="2" falsecount="0"/>
        <line num="3" count="1" type="stmt"/>
        <line num="6" count="5" type="stmt"/>
        <line num="9" count="1" type="stmt"/>
      </file>
      <file name="validateValue.js" path="/home/user/work/node-practice/practice/client-and-server/testing/unit/src/utils/validateValue.js">
        <metrics statements="4" coveredstatements="4" conditionals="4" coveredconditionals="4" methods="1" coveredmethods="1"/>
        <line num="2" count="5" type="cond" truecount="4" falsecount="0"/>
        <line num="3" count="2" type="stmt"/>
        <line num="6" count="3" type="stmt"/>
        <line num="9" count="1" type="stmt"/>
      </file>
    </package>
  </project>
</coverage>
