TN:
SF:index.ts
FN:13,(anonymous_7)
FNF:1
FNH:0
FNDA:0,(anonymous_7)
DA:1,0
DA:2,0
DA:3,0
DA:5,0
DA:7,0
DA:8,0
DA:10,0
DA:11,0
DA:13,0
DA:14,0
DA:17,0
LF:11
LH:0
BRDA:7,0,0,0
BRDA:7,0,1,0
BRF:2
BRH:0
end_of_record
TN:
SF:configs\inversify.config.ts
FNF:0
FNH:0
DA:1,2
DA:2,2
DA:4,2
DA:5,2
DA:6,2
DA:7,2
DA:8,2
DA:9,2
DA:11,2
DA:13,2
DA:18,2
DA:23,2
DA:28,2
LF:13
LH:13
BRF:0
BRH:0
end_of_record
TN:
SF:controllers\todo.controller.ts
FN:8,(anonymous_5)
FN:9,TodoController
FN:11,(anonymous_7)
FN:15,(anonymous_8)
FN:20,(anonymous_9)
FN:25,(anonymous_10)
FNF:6
FNH:1
FNDA:2,(anonymous_5)
FNDA:0,TodoController
FNDA:0,(anonymous_7)
FNDA:0,(anonymous_8)
FNDA:0,(anonymous_9)
FNDA:0,(anonymous_10)
DA:1,2
DA:4,2
DA:5,2
DA:8,2
DA:9,0
DA:11,2
DA:12,0
DA:15,2
DA:16,0
DA:17,0
DA:20,2
DA:21,0
DA:22,0
DA:25,2
DA:26,0
DA:27,0
DA:29,2
LF:17
LH:9
BRF:0
BRH:0
end_of_record
TN:
SF:controllers\types.ts
FNF:0
FNH:0
DA:1,2
DA:3,2
LF:2
LH:2
BRF:0
BRH:0
end_of_record
TN:
SF:resources\todo-fs.resource.ts
FN:14,(anonymous_1)
FN:15,(anonymous_3)
FN:19,(anonymous_4)
FN:20,(anonymous_5)
FN:23,(anonymous_6)
FN:36,(anonymous_7)
FN:37,(anonymous_8)
FNF:7
FNH:1
FNDA:4,(anonymous_1)
FNDA:0,(anonymous_3)
FNDA:0,(anonymous_4)
FNDA:0,(anonymous_5)
FNDA:0,(anonymous_6)
FNDA:0,(anonymous_7)
FNDA:0,(anonymous_8)
DA:1,2
DA:6,2
DA:8,2
DA:14,2
DA:15,2
DA:16,0
DA:19,2
DA:20,0
DA:23,2
DA:24,0
DA:26,0
DA:32,0
DA:33,0
DA:36,2
DA:37,0
DA:39,2
LF:16
LH:9
BRF:0
BRH:0
end_of_record
TN:
SF:resources\types.ts
FNF:0
FNH:0
DA:3,2
LF:1
LH:1
BRF:0
BRH:0
end_of_record
TN:
SF:routers\api.router.ts
FN:5,(anonymous_0)
FN:6,ApiRouter
FN:18,(anonymous_2)
FN:10,(anonymous_3)
FN:14,(anonymous_4)
FNF:5
FNH:0
FNDA:0,(anonymous_0)
FNDA:0,ApiRouter
FNDA:0,(anonymous_2)
FNDA:0,(anonymous_3)
FNDA:0,(anonymous_4)
DA:1,0
DA:3,0
DA:5,0
DA:6,0
DA:7,0
DA:10,0
DA:11,0
DA:14,0
DA:15,0
DA:18,0
DA:19,0
DA:21,0
DA:23,0
DA:25,0
DA:27,0
LF:15
LH:0
BRF:0
BRH:0
end_of_record
TN:
SF:routers\todo.router.ts
FN:6,(anonymous_0)
FN:7,TodoRouter
FN:11,(anonymous_2)
FN:15,(anonymous_3)
FNF:4
FNH:0
FNDA:0,(anonymous_0)
FNDA:0,TodoRouter
FNDA:0,(anonymous_2)
FNDA:0,(anonymous_3)
DA:1,0
DA:2,0
DA:4,0
DA:6,0
DA:7,0
DA:8,0
DA:11,0
DA:12,0
DA:15,0
DA:16,0
DA:21,0
DA:26,0
DA:28,0
DA:29,0
DA:31,0
LF:15
LH:0
BRF:0
BRH:0
end_of_record
TN:
SF:services\todo.service.ts
FN:7,(anonymous_4)
FN:8,TodoService
FN:10,(anonymous_6)
FN:14,(anonymous_7)
FN:18,(anonymous_8)
FN:22,(anonymous_9)
FNF:6
FNH:3
FNDA:2,(anonymous_4)
FNDA:1,TodoService
FNDA:1,(anonymous_6)
FNDA:0,(anonymous_7)
FNDA:0,(anonymous_8)
FNDA:0,(anonymous_9)
DA:1,2
DA:4,2
DA:7,2
DA:8,1
DA:10,2
DA:11,1
DA:14,2
DA:15,0
DA:18,2
DA:19,0
DA:22,2
DA:23,0
DA:25,2
LF:13
LH:10
BRF:0
BRH:0
end_of_record
TN:
SF:services\types.ts
FNF:0
FNH:0
DA:1,2
DA:3,2
LF:2
LH:2
BRF:0
BRH:0
end_of_record
TN:
SF:test\todo.e2e-spec.ts
FN:9,(anonymous_1)
FN:10,(anonymous_2)
FN:14,(anonymous_3)
FNF:3
FNH:0
FNDA:0,(anonymous_1)
FNDA:0,(anonymous_2)
FNDA:0,(anonymous_3)
DA:1,0
DA:2,0
DA:3,0
DA:5,0
DA:9,0
DA:10,0
DA:11,0
DA:14,0
DA:15,0
DA:23,0
DA:24,0
LF:11
LH:0
BRF:0
BRH:0
end_of_record
