{"/home/user/work/node-practice/practice/client-and-server/testing/react-testing-library/src/App.jsx": {"path":"/home/user/work/node-practice/practice/client-and-server/testing/react-testing-library/src/App.jsx","statementMap":{"0":{"start":{"line":7,"column":2},"end":{"line":20,"column":4}}},"fnMap":{"0":{"name":"App","decl":{"start":{"line":6,"column":24},"end":{"line":6,"column":27}},"loc":{"start":{"line":6,"column":30},"end":{"line":21,"column":1}},"line":6}},"branchMap":{},"s":{"0":2},"f":{"0":2},"b":{},"_coverageSchema":"1a1c01bbd47fc00a2c39e90264f33305004495a9","hash":"32f7ee54d9ed28487d2382dfb09339aed62dc712"}
,"/home/user/work/node-practice/practice/client-and-server/testing/react-testing-library/src/index.js": {"path":"/home/user/work/node-practice/practice/client-and-server/testing/react-testing-library/src/index.js","statementMap":{"0":{"start":{"line":8,"column":13},"end":{"line":8,"column":65}},"1":{"start":{"line":10,"column":0},"end":{"line":18,"column":2}}},"fnMap":{},"branchMap":{},"s":{"0":0,"1":0},"f":{},"b":{}}
,"/home/user/work/node-practice/practice/client-and-server/testing/react-testing-library/src/components/Button/Button.jsx": {"path":"/home/user/work/node-practice/practice/client-and-server/testing/react-testing-library/src/components/Button/Button.jsx","statementMap":{"0":{"start":{"line":4,"column":2},"end":{"line":4,"column":51}}},"fnMap":{"0":{"name":"Button","decl":{"start":{"line":3,"column":24},"end":{"line":3,"column":30}},"loc":{"start":{"line":3,"column":50},"end":{"line":5,"column":1}},"line":3}},"branchMap":{},"s":{"0":6},"f":{"0":6},"b":{},"_coverageSchema":"1a1c01bbd47fc00a2c39e90264f33305004495a9","hash":"94ae81c3fd65652e2804ccd90b3800ef9c9b48e4"}
,"/home/user/work/node-practice/practice/client-and-server/testing/react-testing-library/src/components/HelloWorld/Headline.jsx": {"path":"/home/user/work/node-practice/practice/client-and-server/testing/react-testing-library/src/components/HelloWorld/Headline.jsx","statementMap":{"0":{"start":{"line":4,"column":2},"end":{"line":8,"column":4}}},"fnMap":{"0":{"name":"Headline","decl":{"start":{"line":3,"column":24},"end":{"line":3,"column":32}},"loc":{"start":{"line":3,"column":44},"end":{"line":9,"column":1}},"line":3}},"branchMap":{},"s":{"0":1},"f":{"0":1},"b":{},"_coverageSchema":"1a1c01bbd47fc00a2c39e90264f33305004495a9","hash":"35439a0c27f6197cb79303a49808341003c14b2b"}
,"/home/user/work/node-practice/practice/client-and-server/testing/react-testing-library/src/components/Input/Input.jsx": {"path":"/home/user/work/node-practice/practice/client-and-server/testing/react-testing-library/src/components/Input/Input.jsx","statementMap":{"0":{"start":{"line":4,"column":2},"end":{"line":11,"column":4}},"1":{"start":{"line":9,"column":23},"end":{"line":9,"column":47}}},"fnMap":{"0":{"name":"Input","decl":{"start":{"line":3,"column":24},"end":{"line":3,"column":29}},"loc":{"start":{"line":3,"column":79},"end":{"line":12,"column":1}},"line":3},"1":{"name":"(anonymous_1)","decl":{"start":{"line":9,"column":16},"end":{"line":9,"column":17}},"loc":{"start":{"line":9,"column":23},"end":{"line":9,"column":47}},"line":9}},"branchMap":{"0":{"loc":{"start":{"line":3,"column":32},"end":{"line":3,"column":45}},"type":"default-arg","locations":[{"start":{"line":3,"column":39},"end":{"line":3,"column":45}}],"line":3}},"s":{"0":7,"1":3},"f":{"0":7,"1":3},"b":{"0":[7]},"_coverageSchema":"1a1c01bbd47fc00a2c39e90264f33305004495a9","hash":"b8c3f33bfc5d135c525316243289d985fc0155bb"}
,"/home/user/work/node-practice/practice/client-and-server/testing/react-testing-library/src/pages/CounterPage/CounterPage.jsx": {"path":"/home/user/work/node-practice/practice/client-and-server/testing/react-testing-library/src/pages/CounterPage/CounterPage.jsx","statementMap":{"0":{"start":{"line":10,"column":16},"end":{"line":10,"column":44}},"1":{"start":{"line":11,"column":19},"end":{"line":11,"column":32}},"2":{"start":{"line":13,"column":2},"end":{"line":21,"column":4}},"3":{"start":{"line":16,"column":31},"end":{"line":16,"column":52}},"4":{"start":{"line":18,"column":31},"end":{"line":18,"column":52}}},"fnMap":{"0":{"name":"CounterPage","decl":{"start":{"line":9,"column":24},"end":{"line":9,"column":35}},"loc":{"start":{"line":9,"column":38},"end":{"line":22,"column":1}},"line":9},"1":{"name":"(anonymous_1)","decl":{"start":{"line":16,"column":25},"end":{"line":16,"column":26}},"loc":{"start":{"line":16,"column":31},"end":{"line":16,"column":52}},"line":16},"2":{"name":"(anonymous_2)","decl":{"start":{"line":18,"column":25},"end":{"line":18,"column":26}},"loc":{"start":{"line":18,"column":31},"end":{"line":18,"column":52}},"line":18}},"branchMap":{},"s":{"0":3,"1":3,"2":3,"3":1,"4":0},"f":{"0":3,"1":1,"2":0},"b":{},"_coverageSchema":"1a1c01bbd47fc00a2c39e90264f33305004495a9","hash":"6d9162ac91f0061724d13981e0e4fea6827fc943"}
,"/home/user/work/node-practice/practice/client-and-server/testing/react-testing-library/src/pages/CounterPage/index.js": {"path":"/home/user/work/node-practice/practice/client-and-server/testing/react-testing-library/src/pages/CounterPage/index.js","statementMap":{},"fnMap":{},"branchMap":{},"s":{},"f":{},"b":{},"_coverageSchema":"1a1c01bbd47fc00a2c39e90264f33305004495a9","hash":"b3e43fff1463d6f4fbd6aa736b6e24da095d6607"}
,"/home/user/work/node-practice/practice/client-and-server/testing/react-testing-library/src/pages/NotFoundPage/NotFoundPage.js": {"path":"/home/user/work/node-practice/practice/client-and-server/testing/react-testing-library/src/pages/NotFoundPage/NotFoundPage.js","statementMap":{"0":{"start":{"line":4,"column":2},"end":{"line":4,"column":33}}},"fnMap":{"0":{"name":"NotFoundPage","decl":{"start":{"line":3,"column":24},"end":{"line":3,"column":36}},"loc":{"start":{"line":3,"column":39},"end":{"line":5,"column":1}},"line":3}},"branchMap":{},"s":{"0":1},"f":{"0":1},"b":{},"_coverageSchema":"1a1c01bbd47fc00a2c39e90264f33305004495a9","hash":"1238f36a63c72e92283506c02de26feabea588c4"}
,"/home/user/work/node-practice/practice/client-and-server/testing/react-testing-library/src/pages/NotFoundPage/index.js": {"path":"/home/user/work/node-practice/practice/client-and-server/testing/react-testing-library/src/pages/NotFoundPage/index.js","statementMap":{},"fnMap":{},"branchMap":{},"s":{},"f":{},"b":{},"_coverageSchema":"1a1c01bbd47fc00a2c39e90264f33305004495a9","hash":"d47cef34b8d9a7887fac8798531b7a0e3bd5ad44"}
,"/home/user/work/node-practice/practice/client-and-server/testing/react-testing-library/src/pages/SearchPage/SearchPage.jsx": {"path":"/home/user/work/node-practice/practice/client-and-server/testing/react-testing-library/src/pages/SearchPage/SearchPage.jsx","statementMap":{"0":{"start":{"line":4,"column":2},"end":{"line":8,"column":4}}},"fnMap":{"0":{"name":"MainPage","decl":{"start":{"line":3,"column":24},"end":{"line":3,"column":32}},"loc":{"start":{"line":3,"column":35},"end":{"line":9,"column":1}},"line":3}},"branchMap":{},"s":{"0":1},"f":{"0":1},"b":{},"_coverageSchema":"1a1c01bbd47fc00a2c39e90264f33305004495a9","hash":"030869591ad5f629f12bc85b9a13878c6a90f604"}
,"/home/user/work/node-practice/practice/client-and-server/testing/react-testing-library/src/pages/SearchPage/index.js": {"path":"/home/user/work/node-practice/practice/client-and-server/testing/react-testing-library/src/pages/SearchPage/index.js","statementMap":{},"fnMap":{},"branchMap":{},"s":{},"f":{},"b":{},"_coverageSchema":"1a1c01bbd47fc00a2c39e90264f33305004495a9","hash":"14383dfdaf469781635483db363cf99b8cc4d48a"}
,"/home/user/work/node-practice/practice/client-and-server/testing/react-testing-library/src/pages/SearchPage/components/Header/Header.jsx": {"path":"/home/user/work/node-practice/practice/client-and-server/testing/react-testing-library/src/pages/SearchPage/components/Header/Header.jsx","statementMap":{"0":{"start":{"line":6,"column":28},"end":{"line":6,"column":40}},"1":{"start":{"line":9,"column":21},"end":{"line":11,"column":5}},"2":{"start":{"line":13,"column":18},"end":{"line":13,"column":31}},"3":{"start":{"line":15,"column":26},"end":{"line":17,"column":5}},"4":{"start":{"line":16,"column":6},"end":{"line":16,"column":37}},"5":{"start":{"line":19,"column":4},"end":{"line":19,"column":28}},"6":{"start":{"line":22,"column":2},"end":{"line":33,"column":4}},"7":{"start":{"line":28,"column":12},"end":{"line":28,"column":54}}},"fnMap":{"0":{"name":"Header","decl":{"start":{"line":5,"column":24},"end":{"line":5,"column":30}},"loc":{"start":{"line":5,"column":33},"end":{"line":34,"column":1}},"line":5},"1":{"name":"search","decl":{"start":{"line":8,"column":17},"end":{"line":8,"column":23}},"loc":{"start":{"line":8,"column":37},"end":{"line":20,"column":3}},"line":8},"2":{"name":"(anonymous_2)","decl":{"start":{"line":15,"column":39},"end":{"line":15,"column":40}},"loc":{"start":{"line":16,"column":6},"end":{"line":16,"column":37}},"line":16},"3":{"name":"(anonymous_3)","decl":{"start":{"line":27,"column":21},"end":{"line":27,"column":22}},"loc":{"start":{"line":27,"column":31},"end":{"line":29,"column":11}},"line":27}},"branchMap":{"0":{"loc":{"start":{"line":25,"column":7},"end":{"line":31,"column":7}},"type":"binary-expr","locations":[{"start":{"line":25,"column":7},"end":{"line":25,"column":23}},{"start":{"line":26,"column":8},"end":{"line":30,"column":13}}],"line":25}},"s":{"0":3,"1":1,"2":1,"3":1,"4":1,"5":1,"6":3,"7":1},"f":{"0":3,"1":1,"2":1,"3":1},"b":{"0":[3,1]},"_coverageSchema":"1a1c01bbd47fc00a2c39e90264f33305004495a9","hash":"b716e3e40f8d9914715d2496eb46435a67f4db06"}
,"/home/user/work/node-practice/practice/client-and-server/testing/react-testing-library/src/pages/SearchPage/components/SearchBar/SearchBar.jsx": {"path":"/home/user/work/node-practice/practice/client-and-server/testing/react-testing-library/src/pages/SearchPage/components/SearchBar/SearchBar.jsx","statementMap":{"0":{"start":{"line":6,"column":40},"end":{"line":6,"column":52}},"1":{"start":{"line":9,"column":4},"end":{"line":9,"column":24}},"2":{"start":{"line":12,"column":2},"end":{"line":17,"column":4}}},"fnMap":{"0":{"name":"SearchBar","decl":{"start":{"line":5,"column":24},"end":{"line":5,"column":33}},"loc":{"start":{"line":5,"column":46},"end":{"line":18,"column":1}},"line":5},"1":{"name":"performSearch","decl":{"start":{"line":8,"column":11},"end":{"line":8,"column":24}},"loc":{"start":{"line":8,"column":27},"end":{"line":10,"column":3}},"line":8}},"branchMap":{},"s":{"0":4,"1":1,"2":4},"f":{"0":4,"1":1},"b":{},"_coverageSchema":"1a1c01bbd47fc00a2c39e90264f33305004495a9","hash":"443f10ad744f3db6c03a71429b19e81b3c2b273b"}
,"/home/user/work/node-practice/practice/client-and-server/testing/react-testing-library/src/redux/createReduxStore.js": {"path":"/home/user/work/node-practice/practice/client-and-server/testing/react-testing-library/src/redux/createReduxStore.js","statementMap":{"0":{"start":{"line":5,"column":2},"end":{"line":10,"column":5}}},"fnMap":{"0":{"name":"createReduxStore","decl":{"start":{"line":4,"column":16},"end":{"line":4,"column":32}},"loc":{"start":{"line":4,"column":52},"end":{"line":11,"column":1}},"line":4}},"branchMap":{"0":{"loc":{"start":{"line":4,"column":33},"end":{"line":4,"column":50}},"type":"default-arg","locations":[{"start":{"line":4,"column":48},"end":{"line":4,"column":50}}],"line":4}},"s":{"0":2},"f":{"0":2},"b":{"0":[0]},"_coverageSchema":"1a1c01bbd47fc00a2c39e90264f33305004495a9","hash":"72c89940ed239eb5658abf2b16caaf3212d0ee64"}
,"/home/user/work/node-practice/practice/client-and-server/testing/react-testing-library/src/redux/slices/counterSlice.js": {"path":"/home/user/work/node-practice/practice/client-and-server/testing/react-testing-library/src/redux/slices/counterSlice.js","statementMap":{"0":{"start":{"line":3,"column":21},"end":{"line":5,"column":1}},"1":{"start":{"line":7,"column":28},"end":{"line":21,"column":2}},"2":{"start":{"line":12,"column":6},"end":{"line":12,"column":23}},"3":{"start":{"line":15,"column":6},"end":{"line":15,"column":23}},"4":{"start":{"line":18,"column":6},"end":{"line":18,"column":36}},"5":{"start":{"line":23,"column":59},"end":{"line":23,"column":79}},"6":{"start":{"line":25,"column":31},"end":{"line":25,"column":61}},"7":{"start":{"line":25,"column":42},"end":{"line":25,"column":61}}},"fnMap":{"0":{"name":"(anonymous_0)","decl":{"start":{"line":11,"column":15},"end":{"line":11,"column":16}},"loc":{"start":{"line":11,"column":26},"end":{"line":13,"column":5}},"line":11},"1":{"name":"(anonymous_1)","decl":{"start":{"line":14,"column":15},"end":{"line":14,"column":16}},"loc":{"start":{"line":14,"column":26},"end":{"line":16,"column":5}},"line":14},"2":{"name":"(anonymous_2)","decl":{"start":{"line":17,"column":23},"end":{"line":17,"column":24}},"loc":{"start":{"line":17,"column":42},"end":{"line":19,"column":5}},"line":17},"3":{"name":"(anonymous_3)","decl":{"start":{"line":25,"column":31},"end":{"line":25,"column":32}},"loc":{"start":{"line":25,"column":42},"end":{"line":25,"column":61}},"line":25}},"branchMap":{},"s":{"0":3,"1":3,"2":2,"3":1,"4":0,"5":3,"6":3,"7":6},"f":{"0":2,"1":1,"2":0,"3":6},"b":{},"_coverageSchema":"1a1c01bbd47fc00a2c39e90264f33305004495a9","hash":"01fa5dc8e5139b5924059424ad1ba96892ac73eb"}
}
