TN:
SF:src/App.jsx
FN:6,App
FNF:1
FNH:1
FNDA:2,App
DA:7,2
LF:1
LH:1
BRF:0
BRH:0
end_of_record
TN:
SF:src/index.js
FNF:0
FNH:0
DA:8,0
DA:10,0
LF:2
LH:0
BRF:0
BRH:0
end_of_record
TN:
SF:src/components/Button/Button.jsx
FN:3,Button
FNF:1
FNH:1
FNDA:6,Button
DA:4,6
LF:1
LH:1
BRF:0
BRH:0
end_of_record
TN:
SF:src/components/HelloWorld/Headline.jsx
FN:3,Headline
FNF:1
FNH:1
FNDA:1,Headline
DA:4,1
LF:1
LH:1
BRF:0
BRH:0
end_of_record
TN:
SF:src/components/Input/Input.jsx
FN:3,Input
FN:9,(anonymous_1)
FNF:2
FNH:2
FNDA:7,Input
FNDA:3,(anonymous_1)
DA:4,7
DA:9,3
LF:2
LH:2
BRDA:3,0,0,7
BRF:1
BRH:1
end_of_record
TN:
SF:src/pages/CounterPage/CounterPage.jsx
FN:9,CounterPage
FN:16,(anonymous_1)
FN:18,(anonymous_2)
FNF:3
FNH:2
FNDA:3,CounterPage
FNDA:1,(anonymous_1)
FNDA:0,(anonymous_2)
DA:10,3
DA:11,3
DA:13,3
DA:16,1
DA:18,0
LF:5
LH:4
BRF:0
BRH:0
end_of_record
TN:
SF:src/pages/CounterPage/index.js
FNF:0
FNH:0
LF:0
LH:0
BRF:0
BRH:0
end_of_record
TN:
SF:src/pages/NotFoundPage/NotFoundPage.js
FN:3,NotFoundPage
FNF:1
FNH:1
FNDA:1,NotFoundPage
DA:4,1
LF:1
LH:1
BRF:0
BRH:0
end_of_record
TN:
SF:src/pages/NotFoundPage/index.js
FNF:0
FNH:0
LF:0
LH:0
BRF:0
BRH:0
end_of_record
TN:
SF:src/pages/SearchPage/SearchPage.jsx
FN:3,MainPage
FNF:1
FNH:1
FNDA:1,MainPage
DA:4,1
LF:1
LH:1
BRF:0
BRH:0
end_of_record
TN:
SF:src/pages/SearchPage/index.js
FNF:0
FNH:0
LF:0
LH:0
BRF:0
BRH:0
end_of_record
TN:
SF:src/pages/SearchPage/components/Header/Header.jsx
FN:5,Header
FN:8,search
FN:15,(anonymous_2)
FN:27,(anonymous_3)
FNF:4
FNH:4
FNDA:3,Header
FNDA:1,search
FNDA:1,(anonymous_2)
FNDA:1,(anonymous_3)
DA:6,3
DA:9,1
DA:13,1
DA:15,1
DA:16,1
DA:19,1
DA:22,3
DA:28,1
LF:8
LH:8
BRDA:25,0,0,3
BRDA:25,0,1,1
BRF:2
BRH:2
end_of_record
TN:
SF:src/pages/SearchPage/components/SearchBar/SearchBar.jsx
FN:5,SearchBar
FN:8,performSearch
FNF:2
FNH:2
FNDA:4,SearchBar
FNDA:1,performSearch
DA:6,4
DA:9,1
DA:12,4
LF:3
LH:3
BRF:0
BRH:0
end_of_record
TN:
SF:src/redux/createReduxStore.js
FN:4,createReduxStore
FNF:1
FNH:1
FNDA:2,createReduxStore
DA:5,2
LF:1
LH:1
BRDA:4,0,0,0
BRF:1
BRH:0
end_of_record
TN:
SF:src/redux/slices/counterSlice.js
FN:11,(anonymous_0)
FN:14,(anonymous_1)
FN:17,(anonymous_2)
FN:25,(anonymous_3)
FNF:4
FNH:3
FNDA:2,(anonymous_0)
FNDA:1,(anonymous_1)
FNDA:0,(anonymous_2)
FNDA:6,(anonymous_3)
DA:3,3
DA:7,3
DA:12,2
DA:15,1
DA:18,0
DA:23,3
DA:25,6
LF:7
LH:6
BRF:0
BRH:0
end_of_record
